<html xmlns:string="xalan://java.lang.String" xmlns:lxslt="http://xml.apache.org/xslt">
<head>
<META http-equiv="Content-Type" content="text/html; charset=UTF-8">
<title>Unit Test Results: All Tests</title>
<link rel="stylesheet" type="text/css" title="Style" href="stylesheet.css">
</head>
<body onload="open('allclasses-frame.html','classListFrame')">
<h1>Unit Test Results.</h1>
<table width="100%">
<tr>
<td align="left"></td><td align="right">Designed for use with <a href="http://www.junit.org/">JUnit</a> and <a href="http://ant.apache.org/">Ant</a>.</td>
</tr>
</table>
<hr size="1">
<h2>All Tests</h2>
<table class="details" border="0" cellpadding="5" cellspacing="2" width="95%">
<tr valign="top">
<th>Class</th><th>Name</th><th>Status</th><th width="80%">Type</th><th nowrap>Time(s)</th>
</tr>
<tr valign="top" class="TableRowColor">
<td><a href="com/b5m/www/Testcase/0_SuitTest.html">SuitTest</a></td><td><a name="LoginTest1[0]"></a><a href="com/b5m/www/Testcase/0_SuitTest.html#LoginTest1[0]">LoginTest1[0]</a></td><td>Success</td><td></td><td>13.875</td>
</tr>
<tr valign="top" class="Error">
<td><a href="com/b5m/www/Testcase/0_SuitTest.html">SuitTest</a></td><td><a name="LoginTest1[1]"></a><a href="com/b5m/www/Testcase/0_SuitTest.html#LoginTest1[1]">LoginTest1[1]</a></td><td>Error</td><td>no such element
  (Session info: chrome=46.0.2490.86)
  (Driver info: chromedriver=2.14.313457 (3d645c400edf2e2c500566c9aa096063e707c9cf),platform=Windows NT 6.1 SP1 x86_64) (WARNING: The server did not provide any stacktrace information)
Command duration or timeout: 10.01 seconds
For documentation on this error, please visit: http://seleniumhq.org/exceptions/no_such_element.html
Build info: version: '2.44.0', revision: '76d78cf', time: '2014-10-23 20:03:00'
System info: host: 'b5m-393', ip: '172.16.12.148', os.name: 'Windows 7', os.arch: 'amd64', os.version: '6.1', java.version: '1.7.0_79'
Session ID: 041661970c5cb867dc5b6e508760c087
Driver info: org.openqa.selenium.chrome.ChromeDriver
Capabilities [{platform=XP, acceptSslCerts=true, javascriptEnabled=true, browserName=chrome, chrome={userDataDir=C:\Users\lscm\AppData\Local\Temp\scoped_dir9400_5197}, rotatable=false, locationContextEnabled=true, mobileEmulationEnabled=false, version=46.0.2490.86, takesHeapSnapshot=true, cssSelectorsEnabled=true, databaseEnabled=false, handlesAlerts=true, browserConnectionEnabled=false, webStorageEnabled=true, nativeEvents=true, applicationCacheEnabled=false, takesScreenshot=true}]<br>
<br>
<code>org.openqa.selenium.NoSuchElementException: no such element<br>  (Session info: chrome=46.0.2490.86)<br>  (Driver info: chromedriver=2.14.313457 (3d645c400edf2e2c500566c9aa096063e707c9cf),platform=Windows NT 6.1 SP1 x86_64) (WARNING: The server did not provide any stacktrace information)<br>Command duration or timeout: 10.01 seconds<br>For documentation on this error, please visit: http://seleniumhq.org/exceptions/no_such_element.html<br>Build info: version: '2.44.0', revision: '76d78cf', time: '2014-10-23 20:03:00'<br>System info: host: 'b5m-393', ip: '172.16.12.148', os.name: 'Windows 7', os.arch: 'amd64', os.version: '6.1', java.version: '1.7.0_79'<br>Session ID: 041661970c5cb867dc5b6e508760c087<br>Driver info: org.openqa.selenium.chrome.ChromeDriver<br>Capabilities [{platform=XP, acceptSslCerts=true, javascriptEnabled=true, browserName=chrome, chrome={userDataDir=C:\Users\lscm\AppData\Local\Temp\scoped_dir9400_5197}, rotatable=false, locationContextEnabled=true, mobileEmulationEnabled=false, version=46.0.2490.86, takesHeapSnapshot=true, cssSelectorsEnabled=true, databaseEnabled=false, handlesAlerts=true, browserConnectionEnabled=false, webStorageEnabled=true, nativeEvents=true, applicationCacheEnabled=false, takesScreenshot=true}]<br>	at java.lang.reflect.Constructor.newInstance(Constructor.java:526)<br>	at org.openqa.selenium.remote.ErrorHandler.createThrowable(ErrorHandler.java:204)<br>	at org.openqa.selenium.remote.ErrorHandler.throwIfResponseFailed(ErrorHandler.java:156)<br>	at org.openqa.selenium.remote.RemoteWebDriver.execute(RemoteWebDriver.java:599)<br>	at org.openqa.selenium.remote.RemoteWebDriver.findElement(RemoteWebDriver.java:352)<br>	at org.openqa.selenium.remote.RemoteWebDriver.findElementByXPath(RemoteWebDriver.java:449)<br>	at org.openqa.selenium.By$ByXPath.findElement(By.java:357)<br>	at org.openqa.selenium.remote.RemoteWebDriver.findElement(RemoteWebDriver.java:344)<br>	at com.b5m.www.Elements.Login_Elements.loginBtn(Unknown Source)<br>	at com.b5m.www.Testcase.Login.LoginTest1(Unknown Source)<br>
</code></td><td>35.889</td>
</tr>
<tr valign="top" class="TableRowColor">
<td><a href="com/b5m/www/Testcase/0_SuitTest.html">SuitTest</a></td><td><a name="LoginTest1[2]"></a><a href="com/b5m/www/Testcase/0_SuitTest.html#LoginTest1[2]">LoginTest1[2]</a></td><td>Success</td><td></td><td>19.270</td>
</tr>
<tr valign="top" class="TableRowColor">
<td><a href="com/b5m/www/Testcase/0_SuitTest.html">SuitTest</a></td><td><a name="LoginTest1[3]"></a><a href="com/b5m/www/Testcase/0_SuitTest.html#LoginTest1[3]">LoginTest1[3]</a></td><td>Success</td><td></td><td>12.857</td>
</tr>
<tr valign="top" class="TableRowColor">
<td><a href="com/b5m/www/Testcase/0_SuitTest.html">SuitTest</a></td><td><a name="LoginTest1[4]"></a><a href="com/b5m/www/Testcase/0_SuitTest.html#LoginTest1[4]">LoginTest1[4]</a></td><td>Success</td><td></td><td>14.399</td>
</tr>
<tr valign="top" class="Error">
<td><a href="com/b5m/www/Testcase/0_SuitTest.html">SuitTest</a></td><td><a name="LoginTest1[5]"></a><a href="com/b5m/www/Testcase/0_SuitTest.html#LoginTest1[5]">LoginTest1[5]</a></td><td>Error</td><td>no such element
  (Session info: chrome=46.0.2490.86)
  (Driver info: chromedriver=2.14.313457 (3d645c400edf2e2c500566c9aa096063e707c9cf),platform=Windows NT 6.1 SP1 x86_64) (WARNING: The server did not provide any stacktrace information)
Command duration or timeout: 10.04 seconds
For documentation on this error, please visit: http://seleniumhq.org/exceptions/no_such_element.html
Build info: version: '2.44.0', revision: '76d78cf', time: '2014-10-23 20:03:00'
System info: host: 'b5m-393', ip: '172.16.12.148', os.name: 'Windows 7', os.arch: 'amd64', os.version: '6.1', java.version: '1.7.0_79'
Session ID: 431651462d7ffe127b43577f6d649709
Driver info: org.openqa.selenium.chrome.ChromeDriver
Capabilities [{platform=XP, acceptSslCerts=true, javascriptEnabled=true, browserName=chrome, chrome={userDataDir=C:\Users\lscm\AppData\Local\Temp\scoped_dir10732_16247}, rotatable=false, locationContextEnabled=true, mobileEmulationEnabled=false, version=46.0.2490.86, takesHeapSnapshot=true, cssSelectorsEnabled=true, databaseEnabled=false, handlesAlerts=true, browserConnectionEnabled=false, webStorageEnabled=true, nativeEvents=true, applicationCacheEnabled=false, takesScreenshot=true}]<br>
<br>
<code>org.openqa.selenium.NoSuchElementException: no such element<br>  (Session info: chrome=46.0.2490.86)<br>  (Driver info: chromedriver=2.14.313457 (3d645c400edf2e2c500566c9aa096063e707c9cf),platform=Windows NT 6.1 SP1 x86_64) (WARNING: The server did not provide any stacktrace information)<br>Command duration or timeout: 10.04 seconds<br>For documentation on this error, please visit: http://seleniumhq.org/exceptions/no_such_element.html<br>Build info: version: '2.44.0', revision: '76d78cf', time: '2014-10-23 20:03:00'<br>System info: host: 'b5m-393', ip: '172.16.12.148', os.name: 'Windows 7', os.arch: 'amd64', os.version: '6.1', java.version: '1.7.0_79'<br>Session ID: 431651462d7ffe127b43577f6d649709<br>Driver info: org.openqa.selenium.chrome.ChromeDriver<br>Capabilities [{platform=XP, acceptSslCerts=true, javascriptEnabled=true, browserName=chrome, chrome={userDataDir=C:\Users\lscm\AppData\Local\Temp\scoped_dir10732_16247}, rotatable=false, locationContextEnabled=true, mobileEmulationEnabled=false, version=46.0.2490.86, takesHeapSnapshot=true, cssSelectorsEnabled=true, databaseEnabled=false, handlesAlerts=true, browserConnectionEnabled=false, webStorageEnabled=true, nativeEvents=true, applicationCacheEnabled=false, takesScreenshot=true}]<br>	at java.lang.reflect.Constructor.newInstance(Constructor.java:526)<br>	at org.openqa.selenium.remote.ErrorHandler.createThrowable(ErrorHandler.java:204)<br>	at org.openqa.selenium.remote.ErrorHandler.throwIfResponseFailed(ErrorHandler.java:156)<br>	at org.openqa.selenium.remote.RemoteWebDriver.execute(RemoteWebDriver.java:599)<br>	at org.openqa.selenium.remote.RemoteWebDriver.findElement(RemoteWebDriver.java:352)<br>	at org.openqa.selenium.remote.RemoteWebDriver.findElementByXPath(RemoteWebDriver.java:449)<br>	at org.openqa.selenium.By$ByXPath.findElement(By.java:357)<br>	at org.openqa.selenium.remote.RemoteWebDriver.findElement(RemoteWebDriver.java:344)<br>	at com.b5m.www.Elements.Login_Elements.loginBtn(Unknown Source)<br>	at com.b5m.www.Testcase.Login.LoginTest1(Unknown Source)<br>
</code></td><td>33.426</td>
</tr>
</table>
</body>
</html>
