<html xmlns:string="xalan://java.lang.String" xmlns:lxslt="http://xml.apache.org/xslt">
<head>
<META http-equiv="Content-Type" content="text/html; charset=UTF-8">
<title>Unit Test Results: com.b5m.www.Testcase.SuitTest</title>
<link rel="stylesheet" type="text/css" title="Style" href="../../../../stylesheet.css">
<script type="text/javascript" language="JavaScript">
        var TestCases = new Array();
        var cur;
        
    cur = TestCases['com.b5m.www.Testcase.SuitTest'] = new Array();
    
        cur['ant.core.lib'] = 'D:\\Tool\\eclipse\\eclipse\\plugins\\org.apache.ant_1.9.2.v201404171502\\lib\\ant.jar';
    
        cur['ant.file'] = 'E:\\Jenkins\\jobs\\test\\workspace\\build.xml';
    
        cur['ant.file.Selenium333'] = 'E:\\Jenkins\\jobs\\test\\workspace\\build.xml';
    
        cur['ant.file.type'] = 'file';
    
        cur['ant.file.type.Selenium333'] = 'file';
    
        cur['ant.home'] = 'D:\\Tool\\eclipse\\eclipse\\plugins\\org.apache.ant_1.9.2.v201404171502';
    
        cur['ant.java.version'] = '1.7';
    
        cur['ant.library.dir'] = 'D:\\Tool\\eclipse\\eclipse\\plugins\\org.apache.ant_1.9.2.v201404171502\\lib';
    
        cur['ant.project.default-target'] = 'junit';
    
        cur['ant.project.invoked-targets'] = 'junit';
    
        cur['ant.project.name'] = 'Selenium333';
    
        cur['ant.version'] = 'Apache Ant(TM) version 1.9.2 compiled on July 8 2013';
    
        cur['awt.toolkit'] = 'sun.awt.windows.WToolkit';
    
        cur['basedir'] = 'E:\\Work\\SVN\\10.Product Mng\\20.PPG\\30.Development Mng\\60.Automation\\workspace\\Selenium333\\report';
    
        cur['build.path'] = 'build';
    
        cur['file.encoding'] = 'GBK';
    
        cur['file.encoding.pkg'] = 'sun.io';
    
        cur['file.separator'] = '\\';
    
        cur['java.awt.graphicsenv'] = 'sun.awt.Win32GraphicsEnvironment';
    
        cur['java.awt.printerjob'] = 'sun.awt.windows.WPrinterJob';
    
        cur['java.class.path'] = 'E:\\Work\\SVN\\10.Product Mng\\20.PPG\\30.Development Mng\\60.Automation\\workspace\\Selenium333\\report\\lib\\junit-dep-4.11.jar;E:\\Work\\SVN\\10.Product Mng\\20.PPG\\30.Development Mng\\60.Automation\\workspace\\Selenium333\\report\\lib\\selenium-java-2.44.0-javadoc.jar;E:\\Work\\SVN\\10.Product Mng\\20.PPG\\30.Development Mng\\60.Automation\\workspace\\Selenium333\\report\\lib\\selenium-java-2.44.0.jar;E:\\Work\\SVN\\10.Product Mng\\20.PPG\\30.Development Mng\\60.Automation\\workspace\\Selenium333\\report\\lib\\selenium-server-standalone-2.44.0.jar;E:\\Work\\SVN\\10.Product Mng\\20.PPG\\30.Development Mng\\60.Automation\\workspace\\Selenium333\\report\\build;D:\\Tool\\eclipse\\eclipse\\plugins\\org.apache.ant_1.9.2.v201404171502\\lib\\ant-launcher.jar;D:\\Tool\\eclipse\\eclipse\\plugins\\org.apache.ant_1.9.2.v201404171502\\lib\\ant.jar;D:\\Tool\\eclipse\\eclipse\\plugins\\org.apache.ant_1.9.2.v201404171502\\lib\\ant-junit.jar;D:\\Tool\\eclipse\\eclipse\\plugins\\org.apache.ant_1.9.2.v201404171502\\lib\\ant-junit4.jar';
    
        cur['java.class.version'] = '51.0';
    
        cur['java.endorsed.dirs'] = 'E:\\Work\\Java\\jdk1.7.0_79\\jre\\lib\\endorsed';
    
        cur['java.ext.dirs'] = 'E:\\Work\\Java\\jdk1.7.0_79\\jre\\lib\\ext;C:\\Windows\\Sun\\Java\\lib\\ext';
    
        cur['java.home'] = 'E:\\Work\\Java\\jdk1.7.0_79\\jre';
    
        cur['java.io.tmpdir'] = 'C:\\Windows\\TEMP\\';
    
        cur['java.library.path'] = 'E:\\Work\\Java\\jdk1.7.0_79\\jre\\bin;C:\\Windows\\Sun\\Java\\bin;C:\\Windows\\system32;C:\\Windows;E:\\Work\\Java\\jdk1.7.0_79/bin;E:\\Work\\Java\\jdk1.7.0_79/bin;C:\\Program Files (x86)\\Common Files\\NetSarang;C:\\Windows\\system32;C:\\Windows;C:\\Windows\\System32\\Wbem;C:\\Windows\\System32\\WindowsPowerShell\\v1.0\\;E:\\Work\\Java\\jdk1.7.0_79\\bin;E:\\Work\\Java\\jdk1.7.0_79\\jre\\bin;D:\\Tool\\TortoiseSVN\\bin;D:\\小插件\\apache-maven-3.3.9\\bin;C:\\strawberry\\c\\bin;C:\\strawberry\\perl\\bin;;.';
    
        cur['java.runtime.name'] = 'Java(TM) SE Runtime Environment';
    
        cur['java.runtime.version'] = '1.7.0_79-b15';
    
        cur['java.specification.name'] = 'Java Platform API Specification';
    
        cur['java.specification.vendor'] = 'Oracle Corporation';
    
        cur['java.specification.version'] = '1.7';
    
        cur['java.vendor'] = 'Oracle Corporation';
    
        cur['java.vendor.url'] = 'http://java.oracle.com/';
    
        cur['java.vendor.url.bug'] = 'http://bugreport.sun.com/bugreport/';
    
        cur['java.version'] = '1.7.0_79';
    
        cur['java.vm.info'] = 'mixed mode';
    
        cur['java.vm.name'] = 'Java HotSpot(TM) 64-Bit Server VM';
    
        cur['java.vm.specification.name'] = 'Java Virtual Machine Specification';
    
        cur['java.vm.specification.vendor'] = 'Oracle Corporation';
    
        cur['java.vm.specification.version'] = '1.7';
    
        cur['java.vm.vendor'] = 'Oracle Corporation';
    
        cur['java.vm.version'] = '24.79-b02';
    
        cur['lib.path'] = 'lib';
    
        cur['line.separator'] = '\r\n';
    
        cur['os.arch'] = 'amd64';
    
        cur['os.name'] = 'Windows 7';
    
        cur['os.version'] = '6.1';
    
        cur['path.separator'] = ';';
    
        cur['src.path'] = 'E:/Work/SVN/10.Product Mng/20.PPG/30.Development Mng/60.Automation/workspace/Selenium333/src/com/b5m/www';
    
        cur['sun.arch.data.model'] = '64';
    
        cur['sun.boot.class.path'] = 'E:\\Work\\Java\\jdk1.7.0_79\\jre\\lib\\resources.jar;E:\\Work\\Java\\jdk1.7.0_79\\jre\\lib\\rt.jar;E:\\Work\\Java\\jdk1.7.0_79\\jre\\lib\\sunrsasign.jar;E:\\Work\\Java\\jdk1.7.0_79\\jre\\lib\\jsse.jar;E:\\Work\\Java\\jdk1.7.0_79\\jre\\lib\\jce.jar;E:\\Work\\Java\\jdk1.7.0_79\\jre\\lib\\charsets.jar;E:\\Work\\Java\\jdk1.7.0_79\\jre\\lib\\jfr.jar;E:\\Work\\Java\\jdk1.7.0_79\\jre\\classes';
    
        cur['sun.boot.library.path'] = 'E:\\Work\\Java\\jdk1.7.0_79\\jre\\bin';
    
        cur['sun.cpu.endian'] = 'little';
    
        cur['sun.cpu.isalist'] = 'amd64';
    
        cur['sun.desktop'] = 'windows';
    
        cur['sun.io.unicode.encoding'] = 'UnicodeLittle';
    
        cur['sun.java.command'] = 'org.apache.tools.ant.taskdefs.optional.junit.JUnitTestRunner com.b5m.www.Testcase.SuitTest filtertrace=true haltOnError=false haltOnFailure=false formatter=org.apache.tools.ant.taskdefs.optional.junit.SummaryJUnitResultFormatter showoutput=false outputtoformatters=true logfailedtests=true logtestlistenerevents=false formatter=org.apache.tools.ant.taskdefs.optional.junit.XMLJUnitResultFormatter,E:\\Work\\SVN\\10.Product Mng\\20.PPG\\30.Development Mng\\60.Automation\\workspace\\Selenium333\\report\\build\\TEST-com.b5m.www.Testcase.SuitTest.xml crashfile=E:\\Work\\SVN\\10.Product Mng\\20.PPG\\30.Development Mng\\60.Automation\\workspace\\Selenium333\\report\\junitvmwatcher86602234026599113.properties propsfile=E:\\Work\\SVN\\10.Product Mng\\20.PPG\\30.Development Mng\\60.Automation\\workspace\\Selenium333\\report\\junit7303125015971050240.properties';
    
        cur['sun.java.launcher'] = 'SUN_STANDARD';
    
        cur['sun.jnu.encoding'] = 'GBK';
    
        cur['sun.management.compiler'] = 'HotSpot 64-Bit Tiered Compilers';
    
        cur['sun.os.patch.level'] = 'Service Pack 1';
    
        cur['user.country'] = 'CN';
    
        cur['user.dir'] = 'E:\\Jenkins\\jobs\\test\\workspace';
    
        cur['user.home'] = 'C:\\';
    
        cur['user.language'] = 'zh';
    
        cur['user.name'] = 'B5M-393$';
    
        cur['user.script'] = '';
    
        cur['user.timezone'] = '';
    
        cur['user.variant'] = '';
    </script><script type="text/javascript" language="JavaScript">
        function displayProperties (name) {
          var win = window.open('','JUnitSystemProperties','scrollbars=1,resizable=1');
          var doc = win.document;
          doc.open();
          doc.write("<html><head><title>Properties of " + name + "</title>");
          doc.write("<style type=\"text/css\">");
          doc.write("body {font:normal 68% verdana,arial,helvetica; color:#000000; }");
          doc.write("table tr td, table tr th { font-size: 68%; }");
          doc.write("table.properties { border-collapse:collapse; border-left:solid 1 #cccccc; border-top:solid 1 #cccccc; padding:5px; }");
          doc.write("table.properties th { text-align:left; border-right:solid 1 #cccccc; border-bottom:solid 1 #cccccc; background-color:#eeeeee; }");
          doc.write("table.properties td { font:normal; text-align:left; border-right:solid 1 #cccccc; border-bottom:solid 1 #cccccc; background-color:#fffffff; }");
          doc.write("h3 { margin-bottom: 0.5em; font: bold 115% verdana,arial,helvetica }");
          doc.write("</style>");
          doc.write("</head><body>");
          doc.write("<h3>Properties of " + name + "</h3>");
          doc.write("<div align=\"right\"><a href=\"javascript:window.close();\">Close</a></div>");
          doc.write("<table class='properties'>");
          doc.write("<tr><th>Name</th><th>Value</th></tr>");
          for (prop in TestCases[name]) {
            doc.write("<tr><th>" + prop + "</th><td>" + TestCases[name][prop] + "</td></tr>");
          }
          doc.write("</table>");
          doc.write("</body></html>");
          doc.close();
          win.focus();
        }
      
      </script>
</head>
<body>
<h1>Unit Test Results.</h1>
<table width="100%">
<tr>
<td align="left"></td><td align="right">Designed for use with <a href="http://www.junit.org/">JUnit</a> and <a href="http://ant.apache.org/">Ant</a>.</td>
</tr>
</table>
<hr size="1">
<h3>Class com.b5m.www.Testcase.SuitTest</h3>
<table class="details" border="0" cellpadding="5" cellspacing="2" width="95%">
<tr valign="top">
<th width="80%">Name</th><th>Tests</th><th>Errors</th><th>Failures</th><th>Skipped</th><th nowrap>Time(s)</th><th nowrap>Time Stamp</th><th>Host</th>
</tr>
<tr valign="top" class="Error">
<td><a title="Display all tests" href="0_SuitTest.html">SuitTest</a></td><td><a title="Display all tests" href="0_SuitTest.html">14</a></td><td><a title="Display only errors" href="0_SuitTest-errors.html">4</a></td><td><a title="Display only failures" href="0_SuitTest-fails.html">4</a></td><td>0</td><td>632.982</td><td>2016-03-24T05:12:10</td><td>b5m-393</td>
</tr>
</table>
<h2>Errors</h2>
<table class="details" border="0" cellpadding="5" cellspacing="2" width="95%">
<tr valign="top">
<th>Name</th><th>Status</th><th width="80%">Type</th><th nowrap>Time(s)</th>
</tr>
<tr valign="top" class="Error">
<td><a name="SPU_Iphone_6s_Plus_GuoMei"></a>SPU_Iphone_6s_Plus_GuoMei</td><td>Error</td><td>no such element
  (Session info: chrome=46.0.2490.86)
  (Driver info: chromedriver=2.14.313457 (3d645c400edf2e2c500566c9aa096063e707c9cf),platform=Windows NT 6.1 SP1 x86_64) (WARNING: The server did not provide any stacktrace information)
Command duration or timeout: 10.06 seconds
For documentation on this error, please visit: http://seleniumhq.org/exceptions/no_such_element.html
Build info: version: '2.44.0', revision: '76d78cf', time: '2014-10-23 20:03:00'
System info: host: 'b5m-393', ip: '172.16.6.20', os.name: 'Windows 7', os.arch: 'amd64', os.version: '6.1', java.version: '1.7.0_79'
Session ID: cb3d3bb1eb018d0e328710223eb8a5fb
Driver info: org.openqa.selenium.chrome.ChromeDriver
Capabilities [{platform=XP, acceptSslCerts=true, javascriptEnabled=true, browserName=chrome, chrome={userDataDir=C:\Windows\TEMP\scoped_dir8332_13596}, rotatable=false, locationContextEnabled=true, mobileEmulationEnabled=false, version=46.0.2490.86, takesHeapSnapshot=true, cssSelectorsEnabled=true, databaseEnabled=false, handlesAlerts=true, browserConnectionEnabled=false, webStorageEnabled=true, nativeEvents=true, applicationCacheEnabled=false, takesScreenshot=true}]<br>
<br>
<code>org.openqa.selenium.NoSuchElementException: no such element<br>  (Session info: chrome=46.0.2490.86)<br>  (Driver info: chromedriver=2.14.313457 (3d645c400edf2e2c500566c9aa096063e707c9cf),platform=Windows NT 6.1 SP1 x86_64) (WARNING: The server did not provide any stacktrace information)<br>Command duration or timeout: 10.06 seconds<br>For documentation on this error, please visit: http://seleniumhq.org/exceptions/no_such_element.html<br>Build info: version: '2.44.0', revision: '76d78cf', time: '2014-10-23 20:03:00'<br>System info: host: 'b5m-393', ip: '172.16.6.20', os.name: 'Windows 7', os.arch: 'amd64', os.version: '6.1', java.version: '1.7.0_79'<br>Session ID: cb3d3bb1eb018d0e328710223eb8a5fb<br>Driver info: org.openqa.selenium.chrome.ChromeDriver<br>Capabilities [{platform=XP, acceptSslCerts=true, javascriptEnabled=true, browserName=chrome, chrome={userDataDir=C:\Windows\TEMP\scoped_dir8332_13596}, rotatable=false, locationContextEnabled=true, mobileEmulationEnabled=false, version=46.0.2490.86, takesHeapSnapshot=true, cssSelectorsEnabled=true, databaseEnabled=false, handlesAlerts=true, browserConnectionEnabled=false, webStorageEnabled=true, nativeEvents=true, applicationCacheEnabled=false, takesScreenshot=true}]<br>	at java.lang.reflect.Constructor.newInstance(Constructor.java:526)<br>	at org.openqa.selenium.remote.ErrorHandler.createThrowable(ErrorHandler.java:204)<br>	at org.openqa.selenium.remote.ErrorHandler.throwIfResponseFailed(ErrorHandler.java:156)<br>	at org.openqa.selenium.remote.RemoteWebDriver.execute(RemoteWebDriver.java:599)<br>	at org.openqa.selenium.remote.RemoteWebDriver.findElement(RemoteWebDriver.java:352)<br>	at org.openqa.selenium.remote.RemoteWebDriver.findElementByXPath(RemoteWebDriver.java:449)<br>	at org.openqa.selenium.By$ByXPath.findElement(By.java:357)<br>	at org.openqa.selenium.remote.RemoteWebDriver.findElement(RemoteWebDriver.java:344)<br>	at com.b5m.www.Function.Mainpage_ElementsFind.Iphone6s_Plus_GuoMei(Unknown Source)<br>	at com.b5m.www.Testcase.SPU_Iphone6s_Plus.SPU_Iphone_6s_Plus_GuoMei(Unknown Source)<br>
</code></td><td>59.072</td>
</tr>
<tr valign="top" class="Error">
<td><a name="SPU_Iphone_6s_Plus_DangDang"></a>SPU_Iphone_6s_Plus_DangDang</td><td>Error</td><td>unknown error: Element is not clickable at point (938, 373). Other element would receive the click: &lt;div class="pic-tips"&gt;...&lt;/div&gt;
  (Session info: chrome=46.0.2490.86)
  (Driver info: chromedriver=2.14.313457 (3d645c400edf2e2c500566c9aa096063e707c9cf),platform=Windows NT 6.1 SP1 x86_64) (WARNING: The server did not provide any stacktrace information)
Command duration or timeout: 30 milliseconds
Build info: version: '2.44.0', revision: '76d78cf', time: '2014-10-23 20:03:00'
System info: host: 'b5m-393', ip: '172.16.6.20', os.name: 'Windows 7', os.arch: 'amd64', os.version: '6.1', java.version: '1.7.0_79'
Session ID: 91cb8b82db0df0f1b66bad034c4a8912
Driver info: org.openqa.selenium.chrome.ChromeDriver
Capabilities [{platform=XP, acceptSslCerts=true, javascriptEnabled=true, browserName=chrome, chrome={userDataDir=C:\Windows\TEMP\scoped_dir7244_4104}, rotatable=false, locationContextEnabled=true, mobileEmulationEnabled=false, version=46.0.2490.86, takesHeapSnapshot=true, cssSelectorsEnabled=true, databaseEnabled=false, handlesAlerts=true, browserConnectionEnabled=false, webStorageEnabled=true, nativeEvents=true, applicationCacheEnabled=false, takesScreenshot=true}]<br>
<br>
<code>org.openqa.selenium.WebDriverException: unknown error: Element is not clickable at point (938, 373). Other element would receive the click: &lt;div class="pic-tips"&gt;...&lt;/div&gt;<br>  (Session info: chrome=46.0.2490.86)<br>  (Driver info: chromedriver=2.14.313457 (3d645c400edf2e2c500566c9aa096063e707c9cf),platform=Windows NT 6.1 SP1 x86_64) (WARNING: The server did not provide any stacktrace information)<br>Command duration or timeout: 30 milliseconds<br>Build info: version: '2.44.0', revision: '76d78cf', time: '2014-10-23 20:03:00'<br>System info: host: 'b5m-393', ip: '172.16.6.20', os.name: 'Windows 7', os.arch: 'amd64', os.version: '6.1', java.version: '1.7.0_79'<br>Session ID: 91cb8b82db0df0f1b66bad034c4a8912<br>Driver info: org.openqa.selenium.chrome.ChromeDriver<br>Capabilities [{platform=XP, acceptSslCerts=true, javascriptEnabled=true, browserName=chrome, chrome={userDataDir=C:\Windows\TEMP\scoped_dir7244_4104}, rotatable=false, locationContextEnabled=true, mobileEmulationEnabled=false, version=46.0.2490.86, takesHeapSnapshot=true, cssSelectorsEnabled=true, databaseEnabled=false, handlesAlerts=true, browserConnectionEnabled=false, webStorageEnabled=true, nativeEvents=true, applicationCacheEnabled=false, takesScreenshot=true}]<br>	at java.lang.reflect.Constructor.newInstance(Constructor.java:526)<br>	at org.openqa.selenium.remote.ErrorHandler.createThrowable(ErrorHandler.java:204)<br>	at org.openqa.selenium.remote.ErrorHandler.throwIfResponseFailed(ErrorHandler.java:156)<br>	at org.openqa.selenium.remote.RemoteWebDriver.execute(RemoteWebDriver.java:599)<br>	at org.openqa.selenium.remote.RemoteWebElement.execute(RemoteWebElement.java:268)<br>	at org.openqa.selenium.remote.RemoteWebElement.click(RemoteWebElement.java:79)<br>	at com.b5m.www.Testcase.SPU_Iphone6s_Plus.SPU_Iphone_6s_Plus_DangDang(Unknown Source)<br>
</code></td><td>16.748</td>
</tr>
<tr valign="top" class="Error">
<td><a name="SPU_Iphone_6s_Plus_TianMao"></a>SPU_Iphone_6s_Plus_TianMao</td><td>Error</td><td>no such element
  (Session info: chrome=46.0.2490.86)
  (Driver info: chromedriver=2.14.313457 (3d645c400edf2e2c500566c9aa096063e707c9cf),platform=Windows NT 6.1 SP1 x86_64) (WARNING: The server did not provide any stacktrace information)
Command duration or timeout: 10.02 seconds
For documentation on this error, please visit: http://seleniumhq.org/exceptions/no_such_element.html
Build info: version: '2.44.0', revision: '76d78cf', time: '2014-10-23 20:03:00'
System info: host: 'b5m-393', ip: '172.16.6.20', os.name: 'Windows 7', os.arch: 'amd64', os.version: '6.1', java.version: '1.7.0_79'
Session ID: 94573fee47a97bee2e075051d92b8fcd
Driver info: org.openqa.selenium.chrome.ChromeDriver
Capabilities [{platform=XP, acceptSslCerts=true, javascriptEnabled=true, browserName=chrome, chrome={userDataDir=C:\Windows\TEMP\scoped_dir7260_9608}, rotatable=false, locationContextEnabled=true, mobileEmulationEnabled=false, version=46.0.2490.86, takesHeapSnapshot=true, cssSelectorsEnabled=true, databaseEnabled=false, handlesAlerts=true, browserConnectionEnabled=false, webStorageEnabled=true, nativeEvents=true, applicationCacheEnabled=false, takesScreenshot=true}]<br>
<br>
<code>org.openqa.selenium.NoSuchElementException: no such element<br>  (Session info: chrome=46.0.2490.86)<br>  (Driver info: chromedriver=2.14.313457 (3d645c400edf2e2c500566c9aa096063e707c9cf),platform=Windows NT 6.1 SP1 x86_64) (WARNING: The server did not provide any stacktrace information)<br>Command duration or timeout: 10.02 seconds<br>For documentation on this error, please visit: http://seleniumhq.org/exceptions/no_such_element.html<br>Build info: version: '2.44.0', revision: '76d78cf', time: '2014-10-23 20:03:00'<br>System info: host: 'b5m-393', ip: '172.16.6.20', os.name: 'Windows 7', os.arch: 'amd64', os.version: '6.1', java.version: '1.7.0_79'<br>Session ID: 94573fee47a97bee2e075051d92b8fcd<br>Driver info: org.openqa.selenium.chrome.ChromeDriver<br>Capabilities [{platform=XP, acceptSslCerts=true, javascriptEnabled=true, browserName=chrome, chrome={userDataDir=C:\Windows\TEMP\scoped_dir7260_9608}, rotatable=false, locationContextEnabled=true, mobileEmulationEnabled=false, version=46.0.2490.86, takesHeapSnapshot=true, cssSelectorsEnabled=true, databaseEnabled=false, handlesAlerts=true, browserConnectionEnabled=false, webStorageEnabled=true, nativeEvents=true, applicationCacheEnabled=false, takesScreenshot=true}]<br>	at java.lang.reflect.Constructor.newInstance(Constructor.java:526)<br>	at org.openqa.selenium.remote.ErrorHandler.createThrowable(ErrorHandler.java:204)<br>	at org.openqa.selenium.remote.ErrorHandler.throwIfResponseFailed(ErrorHandler.java:156)<br>	at org.openqa.selenium.remote.RemoteWebDriver.execute(RemoteWebDriver.java:599)<br>	at org.openqa.selenium.remote.RemoteWebDriver.findElement(RemoteWebDriver.java:352)<br>	at org.openqa.selenium.remote.RemoteWebDriver.findElementByXPath(RemoteWebDriver.java:449)<br>	at org.openqa.selenium.By$ByXPath.findElement(By.java:357)<br>	at org.openqa.selenium.remote.RemoteWebDriver.findElement(RemoteWebDriver.java:344)<br>	at com.b5m.www.Function.Mainpage_ElementsFind.Iphone6s_Plus_TianMao(Unknown Source)<br>	at com.b5m.www.Testcase.SPU_Iphone6s_Plus.SPU_Iphone_6s_Plus_TianMao(Unknown Source)<br>
</code></td><td>34.612</td>
</tr>
<tr valign="top" class="Error">
<td><a name="SPU_Iphone_6s_GuoMei"></a>SPU_Iphone_6s_GuoMei</td><td>Error</td><td>no such element
  (Session info: chrome=46.0.2490.86)
  (Driver info: chromedriver=2.14.313457 (3d645c400edf2e2c500566c9aa096063e707c9cf),platform=Windows NT 6.1 SP1 x86_64) (WARNING: The server did not provide any stacktrace information)
Command duration or timeout: 10.05 seconds
For documentation on this error, please visit: http://seleniumhq.org/exceptions/no_such_element.html
Build info: version: '2.44.0', revision: '76d78cf', time: '2014-10-23 20:03:00'
System info: host: 'b5m-393', ip: '172.16.6.20', os.name: 'Windows 7', os.arch: 'amd64', os.version: '6.1', java.version: '1.7.0_79'
Session ID: bd2c0c413e3fcc39a6184e3f6d23767d
Driver info: org.openqa.selenium.chrome.ChromeDriver
Capabilities [{platform=XP, acceptSslCerts=true, javascriptEnabled=true, browserName=chrome, chrome={userDataDir=C:\Windows\TEMP\scoped_dir8704_26021}, rotatable=false, locationContextEnabled=true, mobileEmulationEnabled=false, version=46.0.2490.86, takesHeapSnapshot=true, cssSelectorsEnabled=true, databaseEnabled=false, handlesAlerts=true, browserConnectionEnabled=false, webStorageEnabled=true, nativeEvents=true, applicationCacheEnabled=false, takesScreenshot=true}]<br>
<br>
<code>org.openqa.selenium.NoSuchElementException: no such element<br>  (Session info: chrome=46.0.2490.86)<br>  (Driver info: chromedriver=2.14.313457 (3d645c400edf2e2c500566c9aa096063e707c9cf),platform=Windows NT 6.1 SP1 x86_64) (WARNING: The server did not provide any stacktrace information)<br>Command duration or timeout: 10.05 seconds<br>For documentation on this error, please visit: http://seleniumhq.org/exceptions/no_such_element.html<br>Build info: version: '2.44.0', revision: '76d78cf', time: '2014-10-23 20:03:00'<br>System info: host: 'b5m-393', ip: '172.16.6.20', os.name: 'Windows 7', os.arch: 'amd64', os.version: '6.1', java.version: '1.7.0_79'<br>Session ID: bd2c0c413e3fcc39a6184e3f6d23767d<br>Driver info: org.openqa.selenium.chrome.ChromeDriver<br>Capabilities [{platform=XP, acceptSslCerts=true, javascriptEnabled=true, browserName=chrome, chrome={userDataDir=C:\Windows\TEMP\scoped_dir8704_26021}, rotatable=false, locationContextEnabled=true, mobileEmulationEnabled=false, version=46.0.2490.86, takesHeapSnapshot=true, cssSelectorsEnabled=true, databaseEnabled=false, handlesAlerts=true, browserConnectionEnabled=false, webStorageEnabled=true, nativeEvents=true, applicationCacheEnabled=false, takesScreenshot=true}]<br>	at java.lang.reflect.Constructor.newInstance(Constructor.java:526)<br>	at org.openqa.selenium.remote.ErrorHandler.createThrowable(ErrorHandler.java:204)<br>	at org.openqa.selenium.remote.ErrorHandler.throwIfResponseFailed(ErrorHandler.java:156)<br>	at org.openqa.selenium.remote.RemoteWebDriver.execute(RemoteWebDriver.java:599)<br>	at org.openqa.selenium.remote.RemoteWebDriver.findElement(RemoteWebDriver.java:352)<br>	at org.openqa.selenium.remote.RemoteWebDriver.findElementByXPath(RemoteWebDriver.java:449)<br>	at org.openqa.selenium.By$ByXPath.findElement(By.java:357)<br>	at org.openqa.selenium.remote.RemoteWebDriver.findElement(RemoteWebDriver.java:344)<br>	at com.b5m.www.Function.Mainpage_ElementsFind.Iphone6s_GuoMei(Unknown Source)<br>	at com.b5m.www.Testcase.SPU_Iphone6s.SPU_Iphone_6s_GuoMei(Unknown Source)<br>
</code></td><td>27.115</td>
</tr>
</table>
<div class="Properties">
<a href="javascript:displayProperties('com.b5m.www.Testcase.SuitTest');">
                    Properties &raquo;
                </a>
</div>
<div class="Properties">
<a href="./0_SuitTest-out.html">
                        System.out &raquo;
                    </a>
</div>
<div class="Properties">
<a href="./0_SuitTest-err.html">
                        System.err &raquo;
                    </a>
</div>
</body>
</html>
