<html xmlns:string="xalan://java.lang.String" xmlns:lxslt="http://xml.apache.org/xslt">
<head>
<META http-equiv="Content-Type" content="text/html; charset=UTF-8">
<title>Unit Test Results: All Tests</title>
<link rel="stylesheet" type="text/css" title="Style" href="stylesheet.css">
</head>
<body onload="open('allclasses-frame.html','classListFrame')">
<h1>Unit Test Results.</h1>
<table width="100%">
<tr>
<td align="left"></td><td align="right">Designed for use with <a href="http://www.junit.org/">JUnit</a> and <a href="http://ant.apache.org/">Ant</a>.</td>
</tr>
</table>
<hr size="1">
<h2>All Tests</h2>
<table class="details" border="0" cellpadding="5" cellspacing="2" width="95%">
<tr valign="top">
<th>Class</th><th>Name</th><th>Status</th><th width="80%">Type</th><th nowrap>Time(s)</th>
</tr>
<tr valign="top" class="Error">
<td><a href="com/b5m/www/Testcase/0_SuitTest.html">SuitTest</a></td><td><a name="SPU_Iphone_6s_Plus_GuoMei"></a><a href="com/b5m/www/Testcase/0_SuitTest.html#SPU_Iphone_6s_Plus_GuoMei">SPU_Iphone_6s_Plus_GuoMei</a></td><td>Error</td><td>no such element
  (Session info: chrome=46.0.2490.86)
  (Driver info: chromedriver=2.14.313457 (3d645c400edf2e2c500566c9aa096063e707c9cf),platform=Windows NT 6.1 SP1 x86_64) (WARNING: The server did not provide any stacktrace information)
Command duration or timeout: 10.06 seconds
For documentation on this error, please visit: http://seleniumhq.org/exceptions/no_such_element.html
Build info: version: '2.44.0', revision: '76d78cf', time: '2014-10-23 20:03:00'
System info: host: 'b5m-393', ip: '172.16.6.20', os.name: 'Windows 7', os.arch: 'amd64', os.version: '6.1', java.version: '1.7.0_79'
Session ID: cb3d3bb1eb018d0e328710223eb8a5fb
Driver info: org.openqa.selenium.chrome.ChromeDriver
Capabilities [{platform=XP, acceptSslCerts=true, javascriptEnabled=true, browserName=chrome, chrome={userDataDir=C:\Windows\TEMP\scoped_dir8332_13596}, rotatable=false, locationContextEnabled=true, mobileEmulationEnabled=false, version=46.0.2490.86, takesHeapSnapshot=true, cssSelectorsEnabled=true, databaseEnabled=false, handlesAlerts=true, browserConnectionEnabled=false, webStorageEnabled=true, nativeEvents=true, applicationCacheEnabled=false, takesScreenshot=true}]<br>
<br>
<code>org.openqa.selenium.NoSuchElementException: no such element<br>  (Session info: chrome=46.0.2490.86)<br>  (Driver info: chromedriver=2.14.313457 (3d645c400edf2e2c500566c9aa096063e707c9cf),platform=Windows NT 6.1 SP1 x86_64) (WARNING: The server did not provide any stacktrace information)<br>Command duration or timeout: 10.06 seconds<br>For documentation on this error, please visit: http://seleniumhq.org/exceptions/no_such_element.html<br>Build info: version: '2.44.0', revision: '76d78cf', time: '2014-10-23 20:03:00'<br>System info: host: 'b5m-393', ip: '172.16.6.20', os.name: 'Windows 7', os.arch: 'amd64', os.version: '6.1', java.version: '1.7.0_79'<br>Session ID: cb3d3bb1eb018d0e328710223eb8a5fb<br>Driver info: org.openqa.selenium.chrome.ChromeDriver<br>Capabilities [{platform=XP, acceptSslCerts=true, javascriptEnabled=true, browserName=chrome, chrome={userDataDir=C:\Windows\TEMP\scoped_dir8332_13596}, rotatable=false, locationContextEnabled=true, mobileEmulationEnabled=false, version=46.0.2490.86, takesHeapSnapshot=true, cssSelectorsEnabled=true, databaseEnabled=false, handlesAlerts=true, browserConnectionEnabled=false, webStorageEnabled=true, nativeEvents=true, applicationCacheEnabled=false, takesScreenshot=true}]<br>	at java.lang.reflect.Constructor.newInstance(Constructor.java:526)<br>	at org.openqa.selenium.remote.ErrorHandler.createThrowable(ErrorHandler.java:204)<br>	at org.openqa.selenium.remote.ErrorHandler.throwIfResponseFailed(ErrorHandler.java:156)<br>	at org.openqa.selenium.remote.RemoteWebDriver.execute(RemoteWebDriver.java:599)<br>	at org.openqa.selenium.remote.RemoteWebDriver.findElement(RemoteWebDriver.java:352)<br>	at org.openqa.selenium.remote.RemoteWebDriver.findElementByXPath(RemoteWebDriver.java:449)<br>	at org.openqa.selenium.By$ByXPath.findElement(By.java:357)<br>	at org.openqa.selenium.remote.RemoteWebDriver.findElement(RemoteWebDriver.java:344)<br>	at com.b5m.www.Function.Mainpage_ElementsFind.Iphone6s_Plus_GuoMei(Unknown Source)<br>	at com.b5m.www.Testcase.SPU_Iphone6s_Plus.SPU_Iphone_6s_Plus_GuoMei(Unknown Source)<br>
</code></td><td>59.072</td>
</tr>
<tr valign="top" class="Error">
<td><a href="com/b5m/www/Testcase/0_SuitTest.html">SuitTest</a></td><td><a name="SPU_Iphone_6s_Plus_DangDang"></a><a href="com/b5m/www/Testcase/0_SuitTest.html#SPU_Iphone_6s_Plus_DangDang">SPU_Iphone_6s_Plus_DangDang</a></td><td>Error</td><td>unknown error: Element is not clickable at point (938, 373). Other element would receive the click: &lt;div class="pic-tips"&gt;...&lt;/div&gt;
  (Session info: chrome=46.0.2490.86)
  (Driver info: chromedriver=2.14.313457 (3d645c400edf2e2c500566c9aa096063e707c9cf),platform=Windows NT 6.1 SP1 x86_64) (WARNING: The server did not provide any stacktrace information)
Command duration or timeout: 30 milliseconds
Build info: version: '2.44.0', revision: '76d78cf', time: '2014-10-23 20:03:00'
System info: host: 'b5m-393', ip: '172.16.6.20', os.name: 'Windows 7', os.arch: 'amd64', os.version: '6.1', java.version: '1.7.0_79'
Session ID: 91cb8b82db0df0f1b66bad034c4a8912
Driver info: org.openqa.selenium.chrome.ChromeDriver
Capabilities [{platform=XP, acceptSslCerts=true, javascriptEnabled=true, browserName=chrome, chrome={userDataDir=C:\Windows\TEMP\scoped_dir7244_4104}, rotatable=false, locationContextEnabled=true, mobileEmulationEnabled=false, version=46.0.2490.86, takesHeapSnapshot=true, cssSelectorsEnabled=true, databaseEnabled=false, handlesAlerts=true, browserConnectionEnabled=false, webStorageEnabled=true, nativeEvents=true, applicationCacheEnabled=false, takesScreenshot=true}]<br>
<br>
<code>org.openqa.selenium.WebDriverException: unknown error: Element is not clickable at point (938, 373). Other element would receive the click: &lt;div class="pic-tips"&gt;...&lt;/div&gt;<br>  (Session info: chrome=46.0.2490.86)<br>  (Driver info: chromedriver=2.14.313457 (3d645c400edf2e2c500566c9aa096063e707c9cf),platform=Windows NT 6.1 SP1 x86_64) (WARNING: The server did not provide any stacktrace information)<br>Command duration or timeout: 30 milliseconds<br>Build info: version: '2.44.0', revision: '76d78cf', time: '2014-10-23 20:03:00'<br>System info: host: 'b5m-393', ip: '172.16.6.20', os.name: 'Windows 7', os.arch: 'amd64', os.version: '6.1', java.version: '1.7.0_79'<br>Session ID: 91cb8b82db0df0f1b66bad034c4a8912<br>Driver info: org.openqa.selenium.chrome.ChromeDriver<br>Capabilities [{platform=XP, acceptSslCerts=true, javascriptEnabled=true, browserName=chrome, chrome={userDataDir=C:\Windows\TEMP\scoped_dir7244_4104}, rotatable=false, locationContextEnabled=true, mobileEmulationEnabled=false, version=46.0.2490.86, takesHeapSnapshot=true, cssSelectorsEnabled=true, databaseEnabled=false, handlesAlerts=true, browserConnectionEnabled=false, webStorageEnabled=true, nativeEvents=true, applicationCacheEnabled=false, takesScreenshot=true}]<br>	at java.lang.reflect.Constructor.newInstance(Constructor.java:526)<br>	at org.openqa.selenium.remote.ErrorHandler.createThrowable(ErrorHandler.java:204)<br>	at org.openqa.selenium.remote.ErrorHandler.throwIfResponseFailed(ErrorHandler.java:156)<br>	at org.openqa.selenium.remote.RemoteWebDriver.execute(RemoteWebDriver.java:599)<br>	at org.openqa.selenium.remote.RemoteWebElement.execute(RemoteWebElement.java:268)<br>	at org.openqa.selenium.remote.RemoteWebElement.click(RemoteWebElement.java:79)<br>	at com.b5m.www.Testcase.SPU_Iphone6s_Plus.SPU_Iphone_6s_Plus_DangDang(Unknown Source)<br>
</code></td><td>16.748</td>
</tr>
<tr valign="top" class="Failure">
<td><a href="com/b5m/www/Testcase/0_SuitTest.html">SuitTest</a></td><td><a name="SPU_Iphone_6s_Plus_SuNing"></a><a href="com/b5m/www/Testcase/0_SuitTest.html#SPU_Iphone_6s_Plus_SuNing">SPU_Iphone_6s_Plus_SuNing</a></td><td>Failure</td><td>商品已下架或者属性缺失<br>
<br>
<code>junit.framework.AssertionFailedError: 商品已下架或者属性缺失<br>	at com.b5m.www.Function.Mainpage_Function.PageVerify(Unknown Source)<br>	at com.b5m.www.Testcase.SPU_Iphone6s_Plus.SPU_Iphone_6s_Plus_SuNing(Unknown Source)<br>
</code></td><td>98.767</td>
</tr>
<tr valign="top" class="TableRowColor">
<td><a href="com/b5m/www/Testcase/0_SuitTest.html">SuitTest</a></td><td><a name="SPU_Iphone_6s_Plus_JingDong"></a><a href="com/b5m/www/Testcase/0_SuitTest.html#SPU_Iphone_6s_Plus_JingDong">SPU_Iphone_6s_Plus_JingDong</a></td><td>Success</td><td></td><td>39.312</td>
</tr>
<tr valign="top" class="TableRowColor">
<td><a href="com/b5m/www/Testcase/0_SuitTest.html">SuitTest</a></td><td><a name="SPU_Iphone_6s_Plus_YiXun"></a><a href="com/b5m/www/Testcase/0_SuitTest.html#SPU_Iphone_6s_Plus_YiXun">SPU_Iphone_6s_Plus_YiXun</a></td><td>Success</td><td></td><td>38.204</td>
</tr>
<tr valign="top" class="Error">
<td><a href="com/b5m/www/Testcase/0_SuitTest.html">SuitTest</a></td><td><a name="SPU_Iphone_6s_Plus_TianMao"></a><a href="com/b5m/www/Testcase/0_SuitTest.html#SPU_Iphone_6s_Plus_TianMao">SPU_Iphone_6s_Plus_TianMao</a></td><td>Error</td><td>no such element
  (Session info: chrome=46.0.2490.86)
  (Driver info: chromedriver=2.14.313457 (3d645c400edf2e2c500566c9aa096063e707c9cf),platform=Windows NT 6.1 SP1 x86_64) (WARNING: The server did not provide any stacktrace information)
Command duration or timeout: 10.02 seconds
For documentation on this error, please visit: http://seleniumhq.org/exceptions/no_such_element.html
Build info: version: '2.44.0', revision: '76d78cf', time: '2014-10-23 20:03:00'
System info: host: 'b5m-393', ip: '172.16.6.20', os.name: 'Windows 7', os.arch: 'amd64', os.version: '6.1', java.version: '1.7.0_79'
Session ID: 94573fee47a97bee2e075051d92b8fcd
Driver info: org.openqa.selenium.chrome.ChromeDriver
Capabilities [{platform=XP, acceptSslCerts=true, javascriptEnabled=true, browserName=chrome, chrome={userDataDir=C:\Windows\TEMP\scoped_dir7260_9608}, rotatable=false, locationContextEnabled=true, mobileEmulationEnabled=false, version=46.0.2490.86, takesHeapSnapshot=true, cssSelectorsEnabled=true, databaseEnabled=false, handlesAlerts=true, browserConnectionEnabled=false, webStorageEnabled=true, nativeEvents=true, applicationCacheEnabled=false, takesScreenshot=true}]<br>
<br>
<code>org.openqa.selenium.NoSuchElementException: no such element<br>  (Session info: chrome=46.0.2490.86)<br>  (Driver info: chromedriver=2.14.313457 (3d645c400edf2e2c500566c9aa096063e707c9cf),platform=Windows NT 6.1 SP1 x86_64) (WARNING: The server did not provide any stacktrace information)<br>Command duration or timeout: 10.02 seconds<br>For documentation on this error, please visit: http://seleniumhq.org/exceptions/no_such_element.html<br>Build info: version: '2.44.0', revision: '76d78cf', time: '2014-10-23 20:03:00'<br>System info: host: 'b5m-393', ip: '172.16.6.20', os.name: 'Windows 7', os.arch: 'amd64', os.version: '6.1', java.version: '1.7.0_79'<br>Session ID: 94573fee47a97bee2e075051d92b8fcd<br>Driver info: org.openqa.selenium.chrome.ChromeDriver<br>Capabilities [{platform=XP, acceptSslCerts=true, javascriptEnabled=true, browserName=chrome, chrome={userDataDir=C:\Windows\TEMP\scoped_dir7260_9608}, rotatable=false, locationContextEnabled=true, mobileEmulationEnabled=false, version=46.0.2490.86, takesHeapSnapshot=true, cssSelectorsEnabled=true, databaseEnabled=false, handlesAlerts=true, browserConnectionEnabled=false, webStorageEnabled=true, nativeEvents=true, applicationCacheEnabled=false, takesScreenshot=true}]<br>	at java.lang.reflect.Constructor.newInstance(Constructor.java:526)<br>	at org.openqa.selenium.remote.ErrorHandler.createThrowable(ErrorHandler.java:204)<br>	at org.openqa.selenium.remote.ErrorHandler.throwIfResponseFailed(ErrorHandler.java:156)<br>	at org.openqa.selenium.remote.RemoteWebDriver.execute(RemoteWebDriver.java:599)<br>	at org.openqa.selenium.remote.RemoteWebDriver.findElement(RemoteWebDriver.java:352)<br>	at org.openqa.selenium.remote.RemoteWebDriver.findElementByXPath(RemoteWebDriver.java:449)<br>	at org.openqa.selenium.By$ByXPath.findElement(By.java:357)<br>	at org.openqa.selenium.remote.RemoteWebDriver.findElement(RemoteWebDriver.java:344)<br>	at com.b5m.www.Function.Mainpage_ElementsFind.Iphone6s_Plus_TianMao(Unknown Source)<br>	at com.b5m.www.Testcase.SPU_Iphone6s_Plus.SPU_Iphone_6s_Plus_TianMao(Unknown Source)<br>
</code></td><td>34.612</td>
</tr>
<tr valign="top" class="TableRowColor">
<td><a href="com/b5m/www/Testcase/0_SuitTest.html">SuitTest</a></td><td><a name="SPU_Iphone_6s_Plus_YiHaoDian"></a><a href="com/b5m/www/Testcase/0_SuitTest.html#SPU_Iphone_6s_Plus_YiHaoDian">SPU_Iphone_6s_Plus_YiHaoDian</a></td><td>Success</td><td></td><td>35.826</td>
</tr>
<tr valign="top" class="TableRowColor">
<td><a href="com/b5m/www/Testcase/0_SuitTest.html">SuitTest</a></td><td><a name="SPU_Iphone_6s_YiHaoDian"></a><a href="com/b5m/www/Testcase/0_SuitTest.html#SPU_Iphone_6s_YiHaoDian">SPU_Iphone_6s_YiHaoDian</a></td><td>Success</td><td></td><td>33.642</td>
</tr>
<tr valign="top" class="Failure">
<td><a href="com/b5m/www/Testcase/0_SuitTest.html">SuitTest</a></td><td><a name="SPU_Iphone_6s_YiXun"></a><a href="com/b5m/www/Testcase/0_SuitTest.html#SPU_Iphone_6s_YiXun">SPU_Iphone_6s_YiXun</a></td><td>Failure</td><td>商品已下架或者属性缺失<br>
<br>
<code>junit.framework.AssertionFailedError: 商品已下架或者属性缺失<br>	at com.b5m.www.Function.Mainpage_Function.PageVerify(Unknown Source)<br>	at com.b5m.www.Testcase.SPU_Iphone6s.SPU_Iphone_6s_YiXun(Unknown Source)<br>
</code></td><td>47.698</td>
</tr>
<tr valign="top" class="Error">
<td><a href="com/b5m/www/Testcase/0_SuitTest.html">SuitTest</a></td><td><a name="SPU_Iphone_6s_GuoMei"></a><a href="com/b5m/www/Testcase/0_SuitTest.html#SPU_Iphone_6s_GuoMei">SPU_Iphone_6s_GuoMei</a></td><td>Error</td><td>no such element
  (Session info: chrome=46.0.2490.86)
  (Driver info: chromedriver=2.14.313457 (3d645c400edf2e2c500566c9aa096063e707c9cf),platform=Windows NT 6.1 SP1 x86_64) (WARNING: The server did not provide any stacktrace information)
Command duration or timeout: 10.05 seconds
For documentation on this error, please visit: http://seleniumhq.org/exceptions/no_such_element.html
Build info: version: '2.44.0', revision: '76d78cf', time: '2014-10-23 20:03:00'
System info: host: 'b5m-393', ip: '172.16.6.20', os.name: 'Windows 7', os.arch: 'amd64', os.version: '6.1', java.version: '1.7.0_79'
Session ID: bd2c0c413e3fcc39a6184e3f6d23767d
Driver info: org.openqa.selenium.chrome.ChromeDriver
Capabilities [{platform=XP, acceptSslCerts=true, javascriptEnabled=true, browserName=chrome, chrome={userDataDir=C:\Windows\TEMP\scoped_dir8704_26021}, rotatable=false, locationContextEnabled=true, mobileEmulationEnabled=false, version=46.0.2490.86, takesHeapSnapshot=true, cssSelectorsEnabled=true, databaseEnabled=false, handlesAlerts=true, browserConnectionEnabled=false, webStorageEnabled=true, nativeEvents=true, applicationCacheEnabled=false, takesScreenshot=true}]<br>
<br>
<code>org.openqa.selenium.NoSuchElementException: no such element<br>  (Session info: chrome=46.0.2490.86)<br>  (Driver info: chromedriver=2.14.313457 (3d645c400edf2e2c500566c9aa096063e707c9cf),platform=Windows NT 6.1 SP1 x86_64) (WARNING: The server did not provide any stacktrace information)<br>Command duration or timeout: 10.05 seconds<br>For documentation on this error, please visit: http://seleniumhq.org/exceptions/no_such_element.html<br>Build info: version: '2.44.0', revision: '76d78cf', time: '2014-10-23 20:03:00'<br>System info: host: 'b5m-393', ip: '172.16.6.20', os.name: 'Windows 7', os.arch: 'amd64', os.version: '6.1', java.version: '1.7.0_79'<br>Session ID: bd2c0c413e3fcc39a6184e3f6d23767d<br>Driver info: org.openqa.selenium.chrome.ChromeDriver<br>Capabilities [{platform=XP, acceptSslCerts=true, javascriptEnabled=true, browserName=chrome, chrome={userDataDir=C:\Windows\TEMP\scoped_dir8704_26021}, rotatable=false, locationContextEnabled=true, mobileEmulationEnabled=false, version=46.0.2490.86, takesHeapSnapshot=true, cssSelectorsEnabled=true, databaseEnabled=false, handlesAlerts=true, browserConnectionEnabled=false, webStorageEnabled=true, nativeEvents=true, applicationCacheEnabled=false, takesScreenshot=true}]<br>	at java.lang.reflect.Constructor.newInstance(Constructor.java:526)<br>	at org.openqa.selenium.remote.ErrorHandler.createThrowable(ErrorHandler.java:204)<br>	at org.openqa.selenium.remote.ErrorHandler.throwIfResponseFailed(ErrorHandler.java:156)<br>	at org.openqa.selenium.remote.RemoteWebDriver.execute(RemoteWebDriver.java:599)<br>	at org.openqa.selenium.remote.RemoteWebDriver.findElement(RemoteWebDriver.java:352)<br>	at org.openqa.selenium.remote.RemoteWebDriver.findElementByXPath(RemoteWebDriver.java:449)<br>	at org.openqa.selenium.By$ByXPath.findElement(By.java:357)<br>	at org.openqa.selenium.remote.RemoteWebDriver.findElement(RemoteWebDriver.java:344)<br>	at com.b5m.www.Function.Mainpage_ElementsFind.Iphone6s_GuoMei(Unknown Source)<br>	at com.b5m.www.Testcase.SPU_Iphone6s.SPU_Iphone_6s_GuoMei(Unknown Source)<br>
</code></td><td>27.115</td>
</tr>
<tr valign="top" class="Failure">
<td><a href="com/b5m/www/Testcase/0_SuitTest.html">SuitTest</a></td><td><a name="SPU_Iphone_6s_SuNing"></a><a href="com/b5m/www/Testcase/0_SuitTest.html#SPU_Iphone_6s_SuNing">SPU_Iphone_6s_SuNing</a></td><td>Failure</td><td>商品已下架或者属性缺失<br>
<br>
<code>junit.framework.AssertionFailedError: 商品已下架或者属性缺失<br>	at com.b5m.www.Function.Mainpage_Function.PageVerify(Unknown Source)<br>	at com.b5m.www.Testcase.SPU_Iphone6s.SPU_Iphone_6s_SuNing(Unknown Source)<br>
</code></td><td>44.416</td>
</tr>
<tr valign="top" class="Failure">
<td><a href="com/b5m/www/Testcase/0_SuitTest.html">SuitTest</a></td><td><a name="SPU_Iphone_6s_DangDang"></a><a href="com/b5m/www/Testcase/0_SuitTest.html#SPU_Iphone_6s_DangDang">SPU_Iphone_6s_DangDang</a></td><td>Failure</td><td>商品已下架或者属性缺失<br>
<br>
<code>junit.framework.AssertionFailedError: 商品已下架或者属性缺失<br>	at com.b5m.www.Function.Mainpage_Function.PageVerify(Unknown Source)<br>	at com.b5m.www.Testcase.SPU_Iphone6s.SPU_Iphone_6s_DangDang(Unknown Source)<br>
</code></td><td>65.485</td>
</tr>
<tr valign="top" class="TableRowColor">
<td><a href="com/b5m/www/Testcase/0_SuitTest.html">SuitTest</a></td><td><a name="SPU_Iphone_6s_TianMao"></a><a href="com/b5m/www/Testcase/0_SuitTest.html#SPU_Iphone_6s_TianMao">SPU_Iphone_6s_TianMao</a></td><td>Success</td><td></td><td>32.131</td>
</tr>
<tr valign="top" class="TableRowColor">
<td><a href="com/b5m/www/Testcase/0_SuitTest.html">SuitTest</a></td><td><a name="SPU_Iphone_6s_JingDong"></a><a href="com/b5m/www/Testcase/0_SuitTest.html#SPU_Iphone_6s_JingDong">SPU_Iphone_6s_JingDong</a></td><td>Success</td><td></td><td>37.061</td>
</tr>
</table>
</body>
</html>
